src/index.js(7,7): error TS2322: Type '{ render(): Element; }' is not assignable to type 'ComponentOptions<Vue, DefaultData<Vue>, DefaultMethods<Vue>, DefaultComputed, PropsDefinition<Rec...'.
  Types of property 'render' are incompatible.
    Type '() => Element' is not assignable to type '((createElement: CreateElement, hack: RenderContext<Record<string, any>>) => VNode) | undefined'.
      Type '() => Element' is not assignable to type '(createElement: CreateElement, hack: RenderContext<Record<string, any>>) => VNode'.
        Type 'Element' is not assignable to type 'VNode'.
          Types of property 'key' are incompatible.
            Type 'string | number | null' is not assignable to type 'string | number | undefined'.
              Type 'null' is not assignable to type 'string | number | undefined'.
src/index.js(13,27): error TS2345: Argument of type '{ render(h: CreateElement): Element; }' is not assignable to parameter of type 'ComponentOptions<Vue, DefaultData<Vue>, DefaultMethods<Vue>, DefaultComputed, PropsDefinition<Rec...'.
  Type '{ render(h: CreateElement): Element; }' is not assignable to type 'ComponentOptions<Vue, DefaultData<Vue>, DefaultMethods<Vue>, DefaultComputed, PropsDefinition<Rec...'.
    Types of property 'render' are incompatible.
      Type '(h: CreateElement) => Element' is not assignable to type '((createElement: CreateElement, hack: RenderContext<Record<string, any>>) => VNode) | undefined'.
        Type '(h: CreateElement) => Element' is not assignable to type '(createElement: CreateElement, hack: RenderContext<Record<string, any>>) => VNode'.
          Type 'Element' is not assignable to type 'VNode'.
/home/joma/entwicklung/nodews/ts-js-include-order-issue/node_modules/typescript/lib/lib.dom.d.ts
/home/joma/entwicklung/nodews/ts-js-include-order-issue/node_modules/typescript/lib/lib.es2016.d.ts
/home/joma/entwicklung/nodews/ts-js-include-order-issue/node_modules/typescript/lib/lib.es2016.array.include.d.ts
/home/joma/entwicklung/nodews/ts-js-include-order-issue/node_modules/typescript/lib/lib.es2015.d.ts
/home/joma/entwicklung/nodews/ts-js-include-order-issue/node_modules/typescript/lib/lib.es5.d.ts
/home/joma/entwicklung/nodews/ts-js-include-order-issue/node_modules/typescript/lib/lib.es2015.symbol.wellknown.d.ts
/home/joma/entwicklung/nodews/ts-js-include-order-issue/node_modules/typescript/lib/lib.es2015.reflect.d.ts
/home/joma/entwicklung/nodews/ts-js-include-order-issue/node_modules/typescript/lib/lib.es2015.proxy.d.ts
/home/joma/entwicklung/nodews/ts-js-include-order-issue/node_modules/typescript/lib/lib.es2015.iterable.d.ts
/home/joma/entwicklung/nodews/ts-js-include-order-issue/node_modules/typescript/lib/lib.es2015.symbol.d.ts
/home/joma/entwicklung/nodews/ts-js-include-order-issue/node_modules/typescript/lib/lib.es2015.promise.d.ts
/home/joma/entwicklung/nodews/ts-js-include-order-issue/node_modules/typescript/lib/lib.es2015.generator.d.ts
/home/joma/entwicklung/nodews/ts-js-include-order-issue/node_modules/typescript/lib/lib.es2015.collection.d.ts
/home/joma/entwicklung/nodews/ts-js-include-order-issue/node_modules/typescript/lib/lib.es2015.core.d.ts
/home/joma/entwicklung/nodews/ts-js-include-order-issue/node_modules/vue/types/vnode.d.ts
/home/joma/entwicklung/nodews/ts-js-include-order-issue/node_modules/vue/types/options.d.ts
/home/joma/entwicklung/nodews/ts-js-include-order-issue/node_modules/vue/types/plugin.d.ts
/home/joma/entwicklung/nodews/ts-js-include-order-issue/node_modules/vue/types/vue.d.ts
/home/joma/entwicklung/nodews/ts-js-include-order-issue/node_modules/vue/types/index.d.ts
/home/joma/entwicklung/nodews/ts-js-include-order-issue/node_modules/@types/react/global.d.ts
/home/joma/entwicklung/nodews/ts-js-include-order-issue/node_modules/csstype/index.d.ts
/home/joma/entwicklung/nodews/ts-js-include-order-issue/node_modules/@types/react/index.d.ts
/home/joma/entwicklung/nodews/ts-js-include-order-issue/node_modules/@types/storybook__addon-links/index.d.ts
/home/joma/entwicklung/nodews/ts-js-include-order-issue/src/index.js
/home/joma/entwicklung/nodews/ts-js-include-order-issue/types/vue-ext-shim.d.ts
/home/joma/entwicklung/nodews/ts-js-include-order-issue/types/vue-jsx-shim.d.ts
/home/joma/entwicklung/nodews/ts-js-include-order-issue/node_modules/@types/events/index.d.ts
/home/joma/entwicklung/nodews/ts-js-include-order-issue/node_modules/@types/node/inspector.d.ts
/home/joma/entwicklung/nodews/ts-js-include-order-issue/node_modules/@types/node/index.d.ts
/home/joma/entwicklung/nodews/ts-js-include-order-issue/node_modules/@types/http-proxy/index.d.ts
