======== Resolving module 'vue' from '/home/joma/entwicklung/nodews/ts-js-include-order-issue/types/vue-ext-shim.d.ts'. ========
Explicitly specified module resolution kind: 'NodeJs'.
'baseUrl' option is set to '/home/joma/entwicklung/nodews/ts-js-include-order-issue', using this value to resolve non-relative module name 'vue'.
Resolving module name 'vue' relative to base url '/home/joma/entwicklung/nodews/ts-js-include-order-issue' - '/home/joma/entwicklung/nodews/ts-js-include-order-issue/vue'.
Loading module as file / folder, candidate module location '/home/joma/entwicklung/nodews/ts-js-include-order-issue/vue', target file type 'TypeScript'.
File '/home/joma/entwicklung/nodews/ts-js-include-order-issue/vue.ts' does not exist.
File '/home/joma/entwicklung/nodews/ts-js-include-order-issue/vue.tsx' does not exist.
File '/home/joma/entwicklung/nodews/ts-js-include-order-issue/vue.d.ts' does not exist.
Directory '/home/joma/entwicklung/nodews/ts-js-include-order-issue/vue' does not exist, skipping all lookups in it.
Loading module 'vue' from 'node_modules' folder, target file type 'TypeScript'.
Directory '/home/joma/entwicklung/nodews/ts-js-include-order-issue/types/node_modules' does not exist, skipping all lookups in it.
'package.json' has 'typings' field 'types/index.d.ts' that references '/home/joma/entwicklung/nodews/ts-js-include-order-issue/node_modules/vue/types/index.d.ts'.
Found 'package.json' at '/home/joma/entwicklung/nodews/ts-js-include-order-issue/node_modules/vue/package.json'. Package ID is 'vue/types/index.d.ts@2.5.16'.
File '/home/joma/entwicklung/nodews/ts-js-include-order-issue/node_modules/vue.ts' does not exist.
File '/home/joma/entwicklung/nodews/ts-js-include-order-issue/node_modules/vue.tsx' does not exist.
File '/home/joma/entwicklung/nodews/ts-js-include-order-issue/node_modules/vue.d.ts' does not exist.
'package.json' has 'typings' field 'types/index.d.ts' that references '/home/joma/entwicklung/nodews/ts-js-include-order-issue/node_modules/vue/types/index.d.ts'.
File '/home/joma/entwicklung/nodews/ts-js-include-order-issue/node_modules/vue/types/index.d.ts' exist - use it as a name resolution result.
Resolving real path for '/home/joma/entwicklung/nodews/ts-js-include-order-issue/node_modules/vue/types/index.d.ts', result '/home/joma/entwicklung/nodews/ts-js-include-order-issue/node_modules/vue/types/index.d.ts'.
======== Module name 'vue' was successfully resolved to '/home/joma/entwicklung/nodews/ts-js-include-order-issue/node_modules/vue/types/index.d.ts'. ========
======== Resolving module './vue' from '/home/joma/entwicklung/nodews/ts-js-include-order-issue/node_modules/vue/types/index.d.ts'. ========
Explicitly specified module resolution kind: 'NodeJs'.
Loading module as file / folder, candidate module location '/home/joma/entwicklung/nodews/ts-js-include-order-issue/node_modules/vue/types/vue', target file type 'TypeScript'.
File '/home/joma/entwicklung/nodews/ts-js-include-order-issue/node_modules/vue/types/vue.ts' does not exist.
File '/home/joma/entwicklung/nodews/ts-js-include-order-issue/node_modules/vue/types/vue.tsx' does not exist.
File '/home/joma/entwicklung/nodews/ts-js-include-order-issue/node_modules/vue/types/vue.d.ts' exist - use it as a name resolution result.
Found 'package.json' at '/home/joma/entwicklung/nodews/ts-js-include-order-issue/node_modules/vue/package.json'. Package ID is 'vue/types/vue.d.ts@2.5.16'.
======== Module name './vue' was successfully resolved to '/home/joma/entwicklung/nodews/ts-js-include-order-issue/node_modules/vue/types/vue.d.ts'. ========
======== Resolving module './options' from '/home/joma/entwicklung/nodews/ts-js-include-order-issue/node_modules/vue/types/index.d.ts'. ========
Explicitly specified module resolution kind: 'NodeJs'.
Loading module as file / folder, candidate module location '/home/joma/entwicklung/nodews/ts-js-include-order-issue/node_modules/vue/types/options', target file type 'TypeScript'.
File '/home/joma/entwicklung/nodews/ts-js-include-order-issue/node_modules/vue/types/options.ts' does not exist.
File '/home/joma/entwicklung/nodews/ts-js-include-order-issue/node_modules/vue/types/options.tsx' does not exist.
File '/home/joma/entwicklung/nodews/ts-js-include-order-issue/node_modules/vue/types/options.d.ts' exist - use it as a name resolution result.
Found 'package.json' at '/home/joma/entwicklung/nodews/ts-js-include-order-issue/node_modules/vue/package.json'. Package ID is 'vue/types/options.d.ts@2.5.16'.
======== Module name './options' was successfully resolved to '/home/joma/entwicklung/nodews/ts-js-include-order-issue/node_modules/vue/types/options.d.ts'. ========
======== Resolving module './plugin' from '/home/joma/entwicklung/nodews/ts-js-include-order-issue/node_modules/vue/types/index.d.ts'. ========
Explicitly specified module resolution kind: 'NodeJs'.
Loading module as file / folder, candidate module location '/home/joma/entwicklung/nodews/ts-js-include-order-issue/node_modules/vue/types/plugin', target file type 'TypeScript'.
File '/home/joma/entwicklung/nodews/ts-js-include-order-issue/node_modules/vue/types/plugin.ts' does not exist.
File '/home/joma/entwicklung/nodews/ts-js-include-order-issue/node_modules/vue/types/plugin.tsx' does not exist.
File '/home/joma/entwicklung/nodews/ts-js-include-order-issue/node_modules/vue/types/plugin.d.ts' exist - use it as a name resolution result.
Found 'package.json' at '/home/joma/entwicklung/nodews/ts-js-include-order-issue/node_modules/vue/package.json'. Package ID is 'vue/types/plugin.d.ts@2.5.16'.
======== Module name './plugin' was successfully resolved to '/home/joma/entwicklung/nodews/ts-js-include-order-issue/node_modules/vue/types/plugin.d.ts'. ========
======== Resolving module './vnode' from '/home/joma/entwicklung/nodews/ts-js-include-order-issue/node_modules/vue/types/index.d.ts'. ========
Explicitly specified module resolution kind: 'NodeJs'.
Loading module as file / folder, candidate module location '/home/joma/entwicklung/nodews/ts-js-include-order-issue/node_modules/vue/types/vnode', target file type 'TypeScript'.
File '/home/joma/entwicklung/nodews/ts-js-include-order-issue/node_modules/vue/types/vnode.ts' does not exist.
File '/home/joma/entwicklung/nodews/ts-js-include-order-issue/node_modules/vue/types/vnode.tsx' does not exist.
File '/home/joma/entwicklung/nodews/ts-js-include-order-issue/node_modules/vue/types/vnode.d.ts' exist - use it as a name resolution result.
Found 'package.json' at '/home/joma/entwicklung/nodews/ts-js-include-order-issue/node_modules/vue/package.json'. Package ID is 'vue/types/vnode.d.ts@2.5.16'.
======== Module name './vnode' was successfully resolved to '/home/joma/entwicklung/nodews/ts-js-include-order-issue/node_modules/vue/types/vnode.d.ts'. ========
======== Resolving module './options' from '/home/joma/entwicklung/nodews/ts-js-include-order-issue/node_modules/vue/types/vue.d.ts'. ========
Resolution for module './options' was found in cache from location '/home/joma/entwicklung/nodews/ts-js-include-order-issue/node_modules/vue/types'.
======== Module name './options' was successfully resolved to '/home/joma/entwicklung/nodews/ts-js-include-order-issue/node_modules/vue/types/options.d.ts'. ========
======== Resolving module './vnode' from '/home/joma/entwicklung/nodews/ts-js-include-order-issue/node_modules/vue/types/vue.d.ts'. ========
Resolution for module './vnode' was found in cache from location '/home/joma/entwicklung/nodews/ts-js-include-order-issue/node_modules/vue/types'.
======== Module name './vnode' was successfully resolved to '/home/joma/entwicklung/nodews/ts-js-include-order-issue/node_modules/vue/types/vnode.d.ts'. ========
======== Resolving module './plugin' from '/home/joma/entwicklung/nodews/ts-js-include-order-issue/node_modules/vue/types/vue.d.ts'. ========
Resolution for module './plugin' was found in cache from location '/home/joma/entwicklung/nodews/ts-js-include-order-issue/node_modules/vue/types'.
======== Module name './plugin' was successfully resolved to '/home/joma/entwicklung/nodews/ts-js-include-order-issue/node_modules/vue/types/plugin.d.ts'. ========
======== Resolving module './vue' from '/home/joma/entwicklung/nodews/ts-js-include-order-issue/node_modules/vue/types/options.d.ts'. ========
Resolution for module './vue' was found in cache from location '/home/joma/entwicklung/nodews/ts-js-include-order-issue/node_modules/vue/types'.
======== Module name './vue' was successfully resolved to '/home/joma/entwicklung/nodews/ts-js-include-order-issue/node_modules/vue/types/vue.d.ts'. ========
======== Resolving module './vnode' from '/home/joma/entwicklung/nodews/ts-js-include-order-issue/node_modules/vue/types/options.d.ts'. ========
Resolution for module './vnode' was found in cache from location '/home/joma/entwicklung/nodews/ts-js-include-order-issue/node_modules/vue/types'.
======== Module name './vnode' was successfully resolved to '/home/joma/entwicklung/nodews/ts-js-include-order-issue/node_modules/vue/types/vnode.d.ts'. ========
======== Resolving module './vue' from '/home/joma/entwicklung/nodews/ts-js-include-order-issue/node_modules/vue/types/vnode.d.ts'. ========
Resolution for module './vue' was found in cache from location '/home/joma/entwicklung/nodews/ts-js-include-order-issue/node_modules/vue/types'.
======== Module name './vue' was successfully resolved to '/home/joma/entwicklung/nodews/ts-js-include-order-issue/node_modules/vue/types/vue.d.ts'. ========
======== Resolving module './vue' from '/home/joma/entwicklung/nodews/ts-js-include-order-issue/node_modules/vue/types/plugin.d.ts'. ========
Resolution for module './vue' was found in cache from location '/home/joma/entwicklung/nodews/ts-js-include-order-issue/node_modules/vue/types'.
======== Module name './vue' was successfully resolved to '/home/joma/entwicklung/nodews/ts-js-include-order-issue/node_modules/vue/types/vue.d.ts'. ========
======== Resolving module 'vue' from '/home/joma/entwicklung/nodews/ts-js-include-order-issue/types/vue-jsx-shim.d.ts'. ========
Resolution for module 'vue' was found in cache from location '/home/joma/entwicklung/nodews/ts-js-include-order-issue/types'.
======== Module name 'vue' was successfully resolved to '/home/joma/entwicklung/nodews/ts-js-include-order-issue/node_modules/vue/types/index.d.ts'. ========
======== Resolving module 'vue' from '/home/joma/entwicklung/nodews/ts-js-include-order-issue/src/index.js'. ========
Explicitly specified module resolution kind: 'NodeJs'.
'baseUrl' option is set to '/home/joma/entwicklung/nodews/ts-js-include-order-issue', using this value to resolve non-relative module name 'vue'.
Resolving module name 'vue' relative to base url '/home/joma/entwicklung/nodews/ts-js-include-order-issue' - '/home/joma/entwicklung/nodews/ts-js-include-order-issue/vue'.
Loading module as file / folder, candidate module location '/home/joma/entwicklung/nodews/ts-js-include-order-issue/vue', target file type 'TypeScript'.
File '/home/joma/entwicklung/nodews/ts-js-include-order-issue/vue.ts' does not exist.
File '/home/joma/entwicklung/nodews/ts-js-include-order-issue/vue.tsx' does not exist.
File '/home/joma/entwicklung/nodews/ts-js-include-order-issue/vue.d.ts' does not exist.
Directory '/home/joma/entwicklung/nodews/ts-js-include-order-issue/vue' does not exist, skipping all lookups in it.
Loading module 'vue' from 'node_modules' folder, target file type 'TypeScript'.
Directory '/home/joma/entwicklung/nodews/ts-js-include-order-issue/src/node_modules' does not exist, skipping all lookups in it.
Resolution for module 'vue' was found in cache from location '/home/joma/entwicklung/nodews/ts-js-include-order-issue'.
Resolving real path for '/home/joma/entwicklung/nodews/ts-js-include-order-issue/node_modules/vue/types/index.d.ts', result '/home/joma/entwicklung/nodews/ts-js-include-order-issue/node_modules/vue/types/index.d.ts'.
======== Module name 'vue' was successfully resolved to '/home/joma/entwicklung/nodews/ts-js-include-order-issue/node_modules/vue/types/index.d.ts'. ========
======== Resolving module '@storybook/addon-links' from '/home/joma/entwicklung/nodews/ts-js-include-order-issue/src/index.js'. ========
Explicitly specified module resolution kind: 'NodeJs'.
'baseUrl' option is set to '/home/joma/entwicklung/nodews/ts-js-include-order-issue', using this value to resolve non-relative module name '@storybook/addon-links'.
Resolving module name '@storybook/addon-links' relative to base url '/home/joma/entwicklung/nodews/ts-js-include-order-issue' - '/home/joma/entwicklung/nodews/ts-js-include-order-issue/@storybook/addon-links'.
Loading module as file / folder, candidate module location '/home/joma/entwicklung/nodews/ts-js-include-order-issue/@storybook/addon-links', target file type 'TypeScript'.
Loading module '@storybook/addon-links' from 'node_modules' folder, target file type 'TypeScript'.
Directory '/home/joma/entwicklung/nodews/ts-js-include-order-issue/src/node_modules' does not exist, skipping all lookups in it.
Scoped package detected, looking in 'storybook__addon-links'
Scoped package detected, looking in 'storybook__addon-links'
'package.json' does not have a 'typings' field.
'package.json' does not have a 'types' field.
'package.json' has 'main' field '' that references '/home/joma/entwicklung/nodews/ts-js-include-order-issue/node_modules/@types/storybook__addon-links'.
Found 'package.json' at '/home/joma/entwicklung/nodews/ts-js-include-order-issue/node_modules/@types/storybook__addon-links/package.json'. Package ID is '@types/storybook__addon-links/index.d.ts@3.3.0'.
File '/home/joma/entwicklung/nodews/ts-js-include-order-issue/node_modules/@types/storybook__addon-links.d.ts' does not exist.
'package.json' does not have a 'typings' field.
'package.json' does not have a 'types' field.
File '/home/joma/entwicklung/nodews/ts-js-include-order-issue/node_modules/@types/storybook__addon-links/index.d.ts' exist - use it as a name resolution result.
Resolving real path for '/home/joma/entwicklung/nodews/ts-js-include-order-issue/node_modules/@types/storybook__addon-links/index.d.ts', result '/home/joma/entwicklung/nodews/ts-js-include-order-issue/node_modules/@types/storybook__addon-links/index.d.ts'.
======== Module name '@storybook/addon-links' was successfully resolved to '/home/joma/entwicklung/nodews/ts-js-include-order-issue/node_modules/@types/storybook__addon-links/index.d.ts'. ========
======== Resolving module 'react' from '/home/joma/entwicklung/nodews/ts-js-include-order-issue/node_modules/@types/storybook__addon-links/index.d.ts'. ========
Explicitly specified module resolution kind: 'NodeJs'.
'baseUrl' option is set to '/home/joma/entwicklung/nodews/ts-js-include-order-issue', using this value to resolve non-relative module name 'react'.
Resolving module name 'react' relative to base url '/home/joma/entwicklung/nodews/ts-js-include-order-issue' - '/home/joma/entwicklung/nodews/ts-js-include-order-issue/react'.
Loading module as file / folder, candidate module location '/home/joma/entwicklung/nodews/ts-js-include-order-issue/react', target file type 'TypeScript'.
File '/home/joma/entwicklung/nodews/ts-js-include-order-issue/react.ts' does not exist.
File '/home/joma/entwicklung/nodews/ts-js-include-order-issue/react.tsx' does not exist.
File '/home/joma/entwicklung/nodews/ts-js-include-order-issue/react.d.ts' does not exist.
Directory '/home/joma/entwicklung/nodews/ts-js-include-order-issue/react' does not exist, skipping all lookups in it.
Loading module 'react' from 'node_modules' folder, target file type 'TypeScript'.
Directory '/home/joma/entwicklung/nodews/ts-js-include-order-issue/node_modules/@types/storybook__addon-links/node_modules' does not exist, skipping all lookups in it.
Directory '/home/joma/entwicklung/nodews/ts-js-include-order-issue/node_modules/@types/node_modules' does not exist, skipping all lookups in it.
File '/home/joma/entwicklung/nodews/ts-js-include-order-issue/node_modules/react.ts' does not exist.
File '/home/joma/entwicklung/nodews/ts-js-include-order-issue/node_modules/react.tsx' does not exist.
File '/home/joma/entwicklung/nodews/ts-js-include-order-issue/node_modules/react.d.ts' does not exist.
'package.json' does not have a 'typings' field.
'package.json' does not have a 'types' field.
'package.json' has 'main' field '' that references '/home/joma/entwicklung/nodews/ts-js-include-order-issue/node_modules/@types/react'.
Found 'package.json' at '/home/joma/entwicklung/nodews/ts-js-include-order-issue/node_modules/@types/react/package.json'. Package ID is '@types/react/index.d.ts@16.3.16'.
File '/home/joma/entwicklung/nodews/ts-js-include-order-issue/node_modules/@types/react.d.ts' does not exist.
'package.json' does not have a 'typings' field.
'package.json' does not have a 'types' field.
File '/home/joma/entwicklung/nodews/ts-js-include-order-issue/node_modules/@types/react/index.d.ts' exist - use it as a name resolution result.
Resolving real path for '/home/joma/entwicklung/nodews/ts-js-include-order-issue/node_modules/@types/react/index.d.ts', result '/home/joma/entwicklung/nodews/ts-js-include-order-issue/node_modules/@types/react/index.d.ts'.
======== Module name 'react' was successfully resolved to '/home/joma/entwicklung/nodews/ts-js-include-order-issue/node_modules/@types/react/index.d.ts'. ========
======== Resolving module 'csstype' from '/home/joma/entwicklung/nodews/ts-js-include-order-issue/node_modules/@types/react/index.d.ts'. ========
Explicitly specified module resolution kind: 'NodeJs'.
'baseUrl' option is set to '/home/joma/entwicklung/nodews/ts-js-include-order-issue', using this value to resolve non-relative module name 'csstype'.
Resolving module name 'csstype' relative to base url '/home/joma/entwicklung/nodews/ts-js-include-order-issue' - '/home/joma/entwicklung/nodews/ts-js-include-order-issue/csstype'.
Loading module as file / folder, candidate module location '/home/joma/entwicklung/nodews/ts-js-include-order-issue/csstype', target file type 'TypeScript'.
File '/home/joma/entwicklung/nodews/ts-js-include-order-issue/csstype.ts' does not exist.
File '/home/joma/entwicklung/nodews/ts-js-include-order-issue/csstype.tsx' does not exist.
File '/home/joma/entwicklung/nodews/ts-js-include-order-issue/csstype.d.ts' does not exist.
Directory '/home/joma/entwicklung/nodews/ts-js-include-order-issue/csstype' does not exist, skipping all lookups in it.
Loading module 'csstype' from 'node_modules' folder, target file type 'TypeScript'.
Directory '/home/joma/entwicklung/nodews/ts-js-include-order-issue/node_modules/@types/react/node_modules' does not exist, skipping all lookups in it.
Directory '/home/joma/entwicklung/nodews/ts-js-include-order-issue/node_modules/@types/node_modules' does not exist, skipping all lookups in it.
'package.json' does not have a 'typings' field.
'package.json' has 'types' field 'index.d.ts' that references '/home/joma/entwicklung/nodews/ts-js-include-order-issue/node_modules/csstype/index.d.ts'.
Found 'package.json' at '/home/joma/entwicklung/nodews/ts-js-include-order-issue/node_modules/csstype/package.json'. Package ID is 'csstype/index.d.ts@2.5.3'.
File '/home/joma/entwicklung/nodews/ts-js-include-order-issue/node_modules/csstype.ts' does not exist.
File '/home/joma/entwicklung/nodews/ts-js-include-order-issue/node_modules/csstype.tsx' does not exist.
File '/home/joma/entwicklung/nodews/ts-js-include-order-issue/node_modules/csstype.d.ts' does not exist.
'package.json' does not have a 'typings' field.
'package.json' has 'types' field 'index.d.ts' that references '/home/joma/entwicklung/nodews/ts-js-include-order-issue/node_modules/csstype/index.d.ts'.
File '/home/joma/entwicklung/nodews/ts-js-include-order-issue/node_modules/csstype/index.d.ts' exist - use it as a name resolution result.
Resolving real path for '/home/joma/entwicklung/nodews/ts-js-include-order-issue/node_modules/csstype/index.d.ts', result '/home/joma/entwicklung/nodews/ts-js-include-order-issue/node_modules/csstype/index.d.ts'.
======== Module name 'csstype' was successfully resolved to '/home/joma/entwicklung/nodews/ts-js-include-order-issue/node_modules/csstype/index.d.ts'. ========
======== Resolving type reference directive 'events', containing file '/home/joma/entwicklung/nodews/ts-js-include-order-issue/__inferred type names__.ts', root directory '/home/joma/entwicklung/nodews/ts-js-include-order-issue/node_modules/@types'. ========
Resolving with primary search path '/home/joma/entwicklung/nodews/ts-js-include-order-issue/node_modules/@types'.
'package.json' does not have a 'typings' field.
'package.json' does not have a 'types' field.
'package.json' has 'main' field '' that references '/home/joma/entwicklung/nodews/ts-js-include-order-issue/node_modules/@types/events'.
Found 'package.json' at '/home/joma/entwicklung/nodews/ts-js-include-order-issue/node_modules/@types/events/package.json'. Package ID is '@types/events/index.d.ts@1.2.0'.
'package.json' does not have a 'typings' field.
'package.json' does not have a 'types' field.
File '/home/joma/entwicklung/nodews/ts-js-include-order-issue/node_modules/@types/events/index.d.ts' exist - use it as a name resolution result.
Resolving real path for '/home/joma/entwicklung/nodews/ts-js-include-order-issue/node_modules/@types/events/index.d.ts', result '/home/joma/entwicklung/nodews/ts-js-include-order-issue/node_modules/@types/events/index.d.ts'.
======== Type reference directive 'events' was successfully resolved to '/home/joma/entwicklung/nodews/ts-js-include-order-issue/node_modules/@types/events/index.d.ts', primary: true. ========
======== Resolving type reference directive 'http-proxy', containing file '/home/joma/entwicklung/nodews/ts-js-include-order-issue/__inferred type names__.ts', root directory '/home/joma/entwicklung/nodews/ts-js-include-order-issue/node_modules/@types'. ========
Resolving with primary search path '/home/joma/entwicklung/nodews/ts-js-include-order-issue/node_modules/@types'.
'package.json' does not have a 'typings' field.
'package.json' does not have a 'types' field.
'package.json' has 'main' field '' that references '/home/joma/entwicklung/nodews/ts-js-include-order-issue/node_modules/@types/http-proxy'.
Found 'package.json' at '/home/joma/entwicklung/nodews/ts-js-include-order-issue/node_modules/@types/http-proxy/package.json'. Package ID is '@types/http-proxy/index.d.ts@1.16.2'.
'package.json' does not have a 'typings' field.
'package.json' does not have a 'types' field.
File '/home/joma/entwicklung/nodews/ts-js-include-order-issue/node_modules/@types/http-proxy/index.d.ts' exist - use it as a name resolution result.
Resolving real path for '/home/joma/entwicklung/nodews/ts-js-include-order-issue/node_modules/@types/http-proxy/index.d.ts', result '/home/joma/entwicklung/nodews/ts-js-include-order-issue/node_modules/@types/http-proxy/index.d.ts'.
======== Type reference directive 'http-proxy' was successfully resolved to '/home/joma/entwicklung/nodews/ts-js-include-order-issue/node_modules/@types/http-proxy/index.d.ts', primary: true. ========
======== Resolving type reference directive 'node', containing file '/home/joma/entwicklung/nodews/ts-js-include-order-issue/__inferred type names__.ts', root directory '/home/joma/entwicklung/nodews/ts-js-include-order-issue/node_modules/@types'. ========
Resolving with primary search path '/home/joma/entwicklung/nodews/ts-js-include-order-issue/node_modules/@types'.
'package.json' does not have a 'typings' field.
'package.json' does not have a 'types' field.
'package.json' has 'main' field '' that references '/home/joma/entwicklung/nodews/ts-js-include-order-issue/node_modules/@types/node'.
Found 'package.json' at '/home/joma/entwicklung/nodews/ts-js-include-order-issue/node_modules/@types/node/package.json'. Package ID is '@types/node/index.d.ts@10.3.0'.
'package.json' does not have a 'typings' field.
'package.json' does not have a 'types' field.
File '/home/joma/entwicklung/nodews/ts-js-include-order-issue/node_modules/@types/node/index.d.ts' exist - use it as a name resolution result.
Resolving real path for '/home/joma/entwicklung/nodews/ts-js-include-order-issue/node_modules/@types/node/index.d.ts', result '/home/joma/entwicklung/nodews/ts-js-include-order-issue/node_modules/@types/node/index.d.ts'.
======== Type reference directive 'node' was successfully resolved to '/home/joma/entwicklung/nodews/ts-js-include-order-issue/node_modules/@types/node/index.d.ts', primary: true. ========
======== Resolving type reference directive 'react', containing file '/home/joma/entwicklung/nodews/ts-js-include-order-issue/__inferred type names__.ts', root directory '/home/joma/entwicklung/nodews/ts-js-include-order-issue/node_modules/@types'. ========
Resolving with primary search path '/home/joma/entwicklung/nodews/ts-js-include-order-issue/node_modules/@types'.
'package.json' does not have a 'typings' field.
'package.json' does not have a 'types' field.
'package.json' has 'main' field '' that references '/home/joma/entwicklung/nodews/ts-js-include-order-issue/node_modules/@types/react'.
Found 'package.json' at '/home/joma/entwicklung/nodews/ts-js-include-order-issue/node_modules/@types/react/package.json'. Package ID is '@types/react/index.d.ts@16.3.16'.
'package.json' does not have a 'typings' field.
'package.json' does not have a 'types' field.
File '/home/joma/entwicklung/nodews/ts-js-include-order-issue/node_modules/@types/react/index.d.ts' exist - use it as a name resolution result.
Resolving real path for '/home/joma/entwicklung/nodews/ts-js-include-order-issue/node_modules/@types/react/index.d.ts', result '/home/joma/entwicklung/nodews/ts-js-include-order-issue/node_modules/@types/react/index.d.ts'.
======== Type reference directive 'react' was successfully resolved to '/home/joma/entwicklung/nodews/ts-js-include-order-issue/node_modules/@types/react/index.d.ts', primary: true. ========
======== Resolving type reference directive 'storybook__addon-links', containing file '/home/joma/entwicklung/nodews/ts-js-include-order-issue/__inferred type names__.ts', root directory '/home/joma/entwicklung/nodews/ts-js-include-order-issue/node_modules/@types'. ========
Resolving with primary search path '/home/joma/entwicklung/nodews/ts-js-include-order-issue/node_modules/@types'.
'package.json' does not have a 'typings' field.
'package.json' does not have a 'types' field.
'package.json' has 'main' field '' that references '/home/joma/entwicklung/nodews/ts-js-include-order-issue/node_modules/@types/storybook__addon-links'.
Found 'package.json' at '/home/joma/entwicklung/nodews/ts-js-include-order-issue/node_modules/@types/storybook__addon-links/package.json'. Package ID is '@types/storybook__addon-links/index.d.ts@3.3.0'.
'package.json' does not have a 'typings' field.
'package.json' does not have a 'types' field.
File '/home/joma/entwicklung/nodews/ts-js-include-order-issue/node_modules/@types/storybook__addon-links/index.d.ts' exist - use it as a name resolution result.
Resolving real path for '/home/joma/entwicklung/nodews/ts-js-include-order-issue/node_modules/@types/storybook__addon-links/index.d.ts', result '/home/joma/entwicklung/nodews/ts-js-include-order-issue/node_modules/@types/storybook__addon-links/index.d.ts'.
======== Type reference directive 'storybook__addon-links' was successfully resolved to '/home/joma/entwicklung/nodews/ts-js-include-order-issue/node_modules/@types/storybook__addon-links/index.d.ts', primary: true. ========
======== Resolving type reference directive 'node', containing file '/home/joma/entwicklung/nodews/ts-js-include-order-issue/node_modules/@types/http-proxy/index.d.ts', root directory '/home/joma/entwicklung/nodews/ts-js-include-order-issue/node_modules/@types'. ========
Resolving with primary search path '/home/joma/entwicklung/nodews/ts-js-include-order-issue/node_modules/@types'.
'package.json' does not have a 'typings' field.
'package.json' does not have a 'types' field.
'package.json' has 'main' field '' that references '/home/joma/entwicklung/nodews/ts-js-include-order-issue/node_modules/@types/node'.
Found 'package.json' at '/home/joma/entwicklung/nodews/ts-js-include-order-issue/node_modules/@types/node/package.json'. Package ID is '@types/node/index.d.ts@10.3.0'.
'package.json' does not have a 'typings' field.
'package.json' does not have a 'types' field.
File '/home/joma/entwicklung/nodews/ts-js-include-order-issue/node_modules/@types/node/index.d.ts' exist - use it as a name resolution result.
Resolving real path for '/home/joma/entwicklung/nodews/ts-js-include-order-issue/node_modules/@types/node/index.d.ts', result '/home/joma/entwicklung/nodews/ts-js-include-order-issue/node_modules/@types/node/index.d.ts'.
======== Type reference directive 'node' was successfully resolved to '/home/joma/entwicklung/nodews/ts-js-include-order-issue/node_modules/@types/node/index.d.ts', primary: true. ========
======== Resolving module 'events' from '/home/joma/entwicklung/nodews/ts-js-include-order-issue/node_modules/@types/node/inspector.d.ts'. ========
Explicitly specified module resolution kind: 'NodeJs'.
'baseUrl' option is set to '/home/joma/entwicklung/nodews/ts-js-include-order-issue', using this value to resolve non-relative module name 'events'.
Resolving module name 'events' relative to base url '/home/joma/entwicklung/nodews/ts-js-include-order-issue' - '/home/joma/entwicklung/nodews/ts-js-include-order-issue/events'.
Loading module as file / folder, candidate module location '/home/joma/entwicklung/nodews/ts-js-include-order-issue/events', target file type 'TypeScript'.
File '/home/joma/entwicklung/nodews/ts-js-include-order-issue/events.ts' does not exist.
File '/home/joma/entwicklung/nodews/ts-js-include-order-issue/events.tsx' does not exist.
File '/home/joma/entwicklung/nodews/ts-js-include-order-issue/events.d.ts' does not exist.
Directory '/home/joma/entwicklung/nodews/ts-js-include-order-issue/events' does not exist, skipping all lookups in it.
Loading module 'events' from 'node_modules' folder, target file type 'TypeScript'.
Directory '/home/joma/entwicklung/nodews/ts-js-include-order-issue/node_modules/@types/node/node_modules' does not exist, skipping all lookups in it.
Directory '/home/joma/entwicklung/nodews/ts-js-include-order-issue/node_modules/@types/node_modules' does not exist, skipping all lookups in it.
File '/home/joma/entwicklung/nodews/ts-js-include-order-issue/node_modules/events.ts' does not exist.
File '/home/joma/entwicklung/nodews/ts-js-include-order-issue/node_modules/events.tsx' does not exist.
File '/home/joma/entwicklung/nodews/ts-js-include-order-issue/node_modules/events.d.ts' does not exist.
'package.json' does not have a 'typings' field.
'package.json' does not have a 'types' field.
'package.json' has 'main' field '' that references '/home/joma/entwicklung/nodews/ts-js-include-order-issue/node_modules/@types/events'.
Found 'package.json' at '/home/joma/entwicklung/nodews/ts-js-include-order-issue/node_modules/@types/events/package.json'. Package ID is '@types/events/index.d.ts@1.2.0'.
File '/home/joma/entwicklung/nodews/ts-js-include-order-issue/node_modules/@types/events.d.ts' does not exist.
'package.json' does not have a 'typings' field.
'package.json' does not have a 'types' field.
File '/home/joma/entwicklung/nodews/ts-js-include-order-issue/node_modules/@types/events/index.d.ts' exist - use it as a name resolution result.
Resolving real path for '/home/joma/entwicklung/nodews/ts-js-include-order-issue/node_modules/@types/events/index.d.ts', result '/home/joma/entwicklung/nodews/ts-js-include-order-issue/node_modules/@types/events/index.d.ts'.
======== Module name 'events' was successfully resolved to '/home/joma/entwicklung/nodews/ts-js-include-order-issue/node_modules/@types/events/index.d.ts'. ========
Module 'events' was resolved as locally declared ambient module in file '/home/joma/entwicklung/nodews/ts-js-include-order-issue/node_modules/@types/node/index.d.ts'.
Module 'net' was resolved as locally declared ambient module in file '/home/joma/entwicklung/nodews/ts-js-include-order-issue/node_modules/@types/node/index.d.ts'.
Module 'stream' was resolved as locally declared ambient module in file '/home/joma/entwicklung/nodews/ts-js-include-order-issue/node_modules/@types/node/index.d.ts'.
Module 'url' was resolved as locally declared ambient module in file '/home/joma/entwicklung/nodews/ts-js-include-order-issue/node_modules/@types/node/index.d.ts'.
Module 'child_process' was resolved as locally declared ambient module in file '/home/joma/entwicklung/nodews/ts-js-include-order-issue/node_modules/@types/node/index.d.ts'.
Module 'events' was resolved as locally declared ambient module in file '/home/joma/entwicklung/nodews/ts-js-include-order-issue/node_modules/@types/node/index.d.ts'.
Module 'net' was resolved as locally declared ambient module in file '/home/joma/entwicklung/nodews/ts-js-include-order-issue/node_modules/@types/node/index.d.ts'.
Module 'stream' was resolved as locally declared ambient module in file '/home/joma/entwicklung/nodews/ts-js-include-order-issue/node_modules/@types/node/index.d.ts'.
Module 'tls' was resolved as locally declared ambient module in file '/home/joma/entwicklung/nodews/ts-js-include-order-issue/node_modules/@types/node/index.d.ts'.
Module 'events' was resolved as locally declared ambient module in file '/home/joma/entwicklung/nodews/ts-js-include-order-issue/node_modules/@types/node/index.d.ts'.
Module 'http' was resolved as locally declared ambient module in file '/home/joma/entwicklung/nodews/ts-js-include-order-issue/node_modules/@types/node/index.d.ts'.
Module 'url' was resolved as locally declared ambient module in file '/home/joma/entwicklung/nodews/ts-js-include-order-issue/node_modules/@types/node/index.d.ts'.
Module 'stream' was resolved as locally declared ambient module in file '/home/joma/entwicklung/nodews/ts-js-include-order-issue/node_modules/@types/node/index.d.ts'.
Module 'readline' was resolved as locally declared ambient module in file '/home/joma/entwicklung/nodews/ts-js-include-order-issue/node_modules/@types/node/index.d.ts'.
Module 'events' was resolved as locally declared ambient module in file '/home/joma/entwicklung/nodews/ts-js-include-order-issue/node_modules/@types/node/index.d.ts'.
Module 'stream' was resolved as locally declared ambient module in file '/home/joma/entwicklung/nodews/ts-js-include-order-issue/node_modules/@types/node/index.d.ts'.
Module 'events' was resolved as locally declared ambient module in file '/home/joma/entwicklung/nodews/ts-js-include-order-issue/node_modules/@types/node/index.d.ts'.
Module 'stream' was resolved as locally declared ambient module in file '/home/joma/entwicklung/nodews/ts-js-include-order-issue/node_modules/@types/node/index.d.ts'.
Module 'net' was resolved as locally declared ambient module in file '/home/joma/entwicklung/nodews/ts-js-include-order-issue/node_modules/@types/node/index.d.ts'.
Module 'querystring' was resolved as locally declared ambient module in file '/home/joma/entwicklung/nodews/ts-js-include-order-issue/node_modules/@types/node/index.d.ts'.
Module 'stream' was resolved as locally declared ambient module in file '/home/joma/entwicklung/nodews/ts-js-include-order-issue/node_modules/@types/node/index.d.ts'.
Module 'events' was resolved as locally declared ambient module in file '/home/joma/entwicklung/nodews/ts-js-include-order-issue/node_modules/@types/node/index.d.ts'.
Module 'dns' was resolved as locally declared ambient module in file '/home/joma/entwicklung/nodews/ts-js-include-order-issue/node_modules/@types/node/index.d.ts'.
Module 'net' was resolved as locally declared ambient module in file '/home/joma/entwicklung/nodews/ts-js-include-order-issue/node_modules/@types/node/index.d.ts'.
Module 'dns' was resolved as locally declared ambient module in file '/home/joma/entwicklung/nodews/ts-js-include-order-issue/node_modules/@types/node/index.d.ts'.
Module 'events' was resolved as locally declared ambient module in file '/home/joma/entwicklung/nodews/ts-js-include-order-issue/node_modules/@types/node/index.d.ts'.
Module 'stream' was resolved as locally declared ambient module in file '/home/joma/entwicklung/nodews/ts-js-include-order-issue/node_modules/@types/node/index.d.ts'.
Module 'events' was resolved as locally declared ambient module in file '/home/joma/entwicklung/nodews/ts-js-include-order-issue/node_modules/@types/node/index.d.ts'.
Module 'url' was resolved as locally declared ambient module in file '/home/joma/entwicklung/nodews/ts-js-include-order-issue/node_modules/@types/node/index.d.ts'.
Module 'crypto' was resolved as locally declared ambient module in file '/home/joma/entwicklung/nodews/ts-js-include-order-issue/node_modules/@types/node/index.d.ts'.
Module 'dns' was resolved as locally declared ambient module in file '/home/joma/entwicklung/nodews/ts-js-include-order-issue/node_modules/@types/node/index.d.ts'.
Module 'net' was resolved as locally declared ambient module in file '/home/joma/entwicklung/nodews/ts-js-include-order-issue/node_modules/@types/node/index.d.ts'.
Module 'stream' was resolved as locally declared ambient module in file '/home/joma/entwicklung/nodews/ts-js-include-order-issue/node_modules/@types/node/index.d.ts'.
Module 'events' was resolved as locally declared ambient module in file '/home/joma/entwicklung/nodews/ts-js-include-order-issue/node_modules/@types/node/index.d.ts'.
Module 'net' was resolved as locally declared ambient module in file '/home/joma/entwicklung/nodews/ts-js-include-order-issue/node_modules/@types/node/index.d.ts'.
Module 'events' was resolved as locally declared ambient module in file '/home/joma/entwicklung/nodews/ts-js-include-order-issue/node_modules/@types/node/index.d.ts'.
Module 'events' was resolved as locally declared ambient module in file '/home/joma/entwicklung/nodews/ts-js-include-order-issue/node_modules/@types/node/index.d.ts'.
Module 'fs' was resolved as locally declared ambient module in file '/home/joma/entwicklung/nodews/ts-js-include-order-issue/node_modules/@types/node/index.d.ts'.
Module 'net' was resolved as locally declared ambient module in file '/home/joma/entwicklung/nodews/ts-js-include-order-issue/node_modules/@types/node/index.d.ts'.
Module 'stream' was resolved as locally declared ambient module in file '/home/joma/entwicklung/nodews/ts-js-include-order-issue/node_modules/@types/node/index.d.ts'.
Module 'tls' was resolved as locally declared ambient module in file '/home/joma/entwicklung/nodews/ts-js-include-order-issue/node_modules/@types/node/index.d.ts'.
Module 'url' was resolved as locally declared ambient module in file '/home/joma/entwicklung/nodews/ts-js-include-order-issue/node_modules/@types/node/index.d.ts'.
Module 'http' was resolved as locally declared ambient module in file '/home/joma/entwicklung/nodews/ts-js-include-order-issue/node_modules/@types/node/index.d.ts'.
Module 'http' was resolved as locally declared ambient module in file '/home/joma/entwicklung/nodews/ts-js-include-order-issue/node_modules/@types/node/index.d.ts'.
Module 'async_hooks' was resolved as locally declared ambient module in file '/home/joma/entwicklung/nodews/ts-js-include-order-issue/node_modules/@types/node/index.d.ts'.
======== Resolving module 'net' from '/home/joma/entwicklung/nodews/ts-js-include-order-issue/node_modules/@types/http-proxy/index.d.ts'. ========
Explicitly specified module resolution kind: 'NodeJs'.
'baseUrl' option is set to '/home/joma/entwicklung/nodews/ts-js-include-order-issue', using this value to resolve non-relative module name 'net'.
Resolving module name 'net' relative to base url '/home/joma/entwicklung/nodews/ts-js-include-order-issue' - '/home/joma/entwicklung/nodews/ts-js-include-order-issue/net'.
Loading module as file / folder, candidate module location '/home/joma/entwicklung/nodews/ts-js-include-order-issue/net', target file type 'TypeScript'.
File '/home/joma/entwicklung/nodews/ts-js-include-order-issue/net.ts' does not exist.
File '/home/joma/entwicklung/nodews/ts-js-include-order-issue/net.tsx' does not exist.
File '/home/joma/entwicklung/nodews/ts-js-include-order-issue/net.d.ts' does not exist.
Directory '/home/joma/entwicklung/nodews/ts-js-include-order-issue/net' does not exist, skipping all lookups in it.
Loading module 'net' from 'node_modules' folder, target file type 'TypeScript'.
Directory '/home/joma/entwicklung/nodews/ts-js-include-order-issue/node_modules/@types/http-proxy/node_modules' does not exist, skipping all lookups in it.
Directory '/home/joma/entwicklung/nodews/ts-js-include-order-issue/node_modules/@types/node_modules' does not exist, skipping all lookups in it.
File '/home/joma/entwicklung/nodews/ts-js-include-order-issue/node_modules/net.ts' does not exist.
File '/home/joma/entwicklung/nodews/ts-js-include-order-issue/node_modules/net.tsx' does not exist.
File '/home/joma/entwicklung/nodews/ts-js-include-order-issue/node_modules/net.d.ts' does not exist.
File '/home/joma/entwicklung/nodews/ts-js-include-order-issue/node_modules/@types/net.d.ts' does not exist.
Directory '/home/joma/entwicklung/nodews/node_modules' does not exist, skipping all lookups in it.
Directory '/home/joma/entwicklung/node_modules' does not exist, skipping all lookups in it.
Directory '/home/joma/node_modules' does not exist, skipping all lookups in it.
Directory '/home/node_modules' does not exist, skipping all lookups in it.
Directory '/node_modules' does not exist, skipping all lookups in it.
'baseUrl' option is set to '/home/joma/entwicklung/nodews/ts-js-include-order-issue', using this value to resolve non-relative module name 'net'.
Resolving module name 'net' relative to base url '/home/joma/entwicklung/nodews/ts-js-include-order-issue' - '/home/joma/entwicklung/nodews/ts-js-include-order-issue/net'.
Loading module as file / folder, candidate module location '/home/joma/entwicklung/nodews/ts-js-include-order-issue/net', target file type 'JavaScript'.
File '/home/joma/entwicklung/nodews/ts-js-include-order-issue/net.js' does not exist.
File '/home/joma/entwicklung/nodews/ts-js-include-order-issue/net.jsx' does not exist.
Directory '/home/joma/entwicklung/nodews/ts-js-include-order-issue/net' does not exist, skipping all lookups in it.
Loading module 'net' from 'node_modules' folder, target file type 'JavaScript'.
Directory '/home/joma/entwicklung/nodews/ts-js-include-order-issue/node_modules/@types/http-proxy/node_modules' does not exist, skipping all lookups in it.
Directory '/home/joma/entwicklung/nodews/ts-js-include-order-issue/node_modules/@types/node_modules' does not exist, skipping all lookups in it.
File '/home/joma/entwicklung/nodews/ts-js-include-order-issue/node_modules/net.js' does not exist.
File '/home/joma/entwicklung/nodews/ts-js-include-order-issue/node_modules/net.jsx' does not exist.
Directory '/home/joma/entwicklung/nodews/node_modules' does not exist, skipping all lookups in it.
Directory '/home/joma/entwicklung/node_modules' does not exist, skipping all lookups in it.
Directory '/home/joma/node_modules' does not exist, skipping all lookups in it.
Directory '/home/node_modules' does not exist, skipping all lookups in it.
Directory '/node_modules' does not exist, skipping all lookups in it.
======== Module name 'net' was not resolved. ========
======== Resolving module 'http' from '/home/joma/entwicklung/nodews/ts-js-include-order-issue/node_modules/@types/http-proxy/index.d.ts'. ========
Explicitly specified module resolution kind: 'NodeJs'.
'baseUrl' option is set to '/home/joma/entwicklung/nodews/ts-js-include-order-issue', using this value to resolve non-relative module name 'http'.
Resolving module name 'http' relative to base url '/home/joma/entwicklung/nodews/ts-js-include-order-issue' - '/home/joma/entwicklung/nodews/ts-js-include-order-issue/http'.
Loading module as file / folder, candidate module location '/home/joma/entwicklung/nodews/ts-js-include-order-issue/http', target file type 'TypeScript'.
File '/home/joma/entwicklung/nodews/ts-js-include-order-issue/http.ts' does not exist.
File '/home/joma/entwicklung/nodews/ts-js-include-order-issue/http.tsx' does not exist.
File '/home/joma/entwicklung/nodews/ts-js-include-order-issue/http.d.ts' does not exist.
Directory '/home/joma/entwicklung/nodews/ts-js-include-order-issue/http' does not exist, skipping all lookups in it.
Loading module 'http' from 'node_modules' folder, target file type 'TypeScript'.
Directory '/home/joma/entwicklung/nodews/ts-js-include-order-issue/node_modules/@types/http-proxy/node_modules' does not exist, skipping all lookups in it.
Directory '/home/joma/entwicklung/nodews/ts-js-include-order-issue/node_modules/@types/node_modules' does not exist, skipping all lookups in it.
File '/home/joma/entwicklung/nodews/ts-js-include-order-issue/node_modules/http.ts' does not exist.
File '/home/joma/entwicklung/nodews/ts-js-include-order-issue/node_modules/http.tsx' does not exist.
File '/home/joma/entwicklung/nodews/ts-js-include-order-issue/node_modules/http.d.ts' does not exist.
File '/home/joma/entwicklung/nodews/ts-js-include-order-issue/node_modules/@types/http.d.ts' does not exist.
Directory '/home/joma/entwicklung/nodews/node_modules' does not exist, skipping all lookups in it.
Directory '/home/joma/entwicklung/node_modules' does not exist, skipping all lookups in it.
Directory '/home/joma/node_modules' does not exist, skipping all lookups in it.
Directory '/home/node_modules' does not exist, skipping all lookups in it.
Directory '/node_modules' does not exist, skipping all lookups in it.
'baseUrl' option is set to '/home/joma/entwicklung/nodews/ts-js-include-order-issue', using this value to resolve non-relative module name 'http'.
Resolving module name 'http' relative to base url '/home/joma/entwicklung/nodews/ts-js-include-order-issue' - '/home/joma/entwicklung/nodews/ts-js-include-order-issue/http'.
Loading module as file / folder, candidate module location '/home/joma/entwicklung/nodews/ts-js-include-order-issue/http', target file type 'JavaScript'.
File '/home/joma/entwicklung/nodews/ts-js-include-order-issue/http.js' does not exist.
File '/home/joma/entwicklung/nodews/ts-js-include-order-issue/http.jsx' does not exist.
Directory '/home/joma/entwicklung/nodews/ts-js-include-order-issue/http' does not exist, skipping all lookups in it.
Loading module 'http' from 'node_modules' folder, target file type 'JavaScript'.
Directory '/home/joma/entwicklung/nodews/ts-js-include-order-issue/node_modules/@types/http-proxy/node_modules' does not exist, skipping all lookups in it.
Directory '/home/joma/entwicklung/nodews/ts-js-include-order-issue/node_modules/@types/node_modules' does not exist, skipping all lookups in it.
File '/home/joma/entwicklung/nodews/ts-js-include-order-issue/node_modules/http.js' does not exist.
File '/home/joma/entwicklung/nodews/ts-js-include-order-issue/node_modules/http.jsx' does not exist.
Directory '/home/joma/entwicklung/nodews/node_modules' does not exist, skipping all lookups in it.
Directory '/home/joma/entwicklung/node_modules' does not exist, skipping all lookups in it.
Directory '/home/joma/node_modules' does not exist, skipping all lookups in it.
Directory '/home/node_modules' does not exist, skipping all lookups in it.
Directory '/node_modules' does not exist, skipping all lookups in it.
======== Module name 'http' was not resolved. ========
======== Resolving module 'https' from '/home/joma/entwicklung/nodews/ts-js-include-order-issue/node_modules/@types/http-proxy/index.d.ts'. ========
Explicitly specified module resolution kind: 'NodeJs'.
'baseUrl' option is set to '/home/joma/entwicklung/nodews/ts-js-include-order-issue', using this value to resolve non-relative module name 'https'.
Resolving module name 'https' relative to base url '/home/joma/entwicklung/nodews/ts-js-include-order-issue' - '/home/joma/entwicklung/nodews/ts-js-include-order-issue/https'.
Loading module as file / folder, candidate module location '/home/joma/entwicklung/nodews/ts-js-include-order-issue/https', target file type 'TypeScript'.
File '/home/joma/entwicklung/nodews/ts-js-include-order-issue/https.ts' does not exist.
File '/home/joma/entwicklung/nodews/ts-js-include-order-issue/https.tsx' does not exist.
File '/home/joma/entwicklung/nodews/ts-js-include-order-issue/https.d.ts' does not exist.
Directory '/home/joma/entwicklung/nodews/ts-js-include-order-issue/https' does not exist, skipping all lookups in it.
Loading module 'https' from 'node_modules' folder, target file type 'TypeScript'.
Directory '/home/joma/entwicklung/nodews/ts-js-include-order-issue/node_modules/@types/http-proxy/node_modules' does not exist, skipping all lookups in it.
Directory '/home/joma/entwicklung/nodews/ts-js-include-order-issue/node_modules/@types/node_modules' does not exist, skipping all lookups in it.
File '/home/joma/entwicklung/nodews/ts-js-include-order-issue/node_modules/https.ts' does not exist.
File '/home/joma/entwicklung/nodews/ts-js-include-order-issue/node_modules/https.tsx' does not exist.
File '/home/joma/entwicklung/nodews/ts-js-include-order-issue/node_modules/https.d.ts' does not exist.
File '/home/joma/entwicklung/nodews/ts-js-include-order-issue/node_modules/@types/https.d.ts' does not exist.
Directory '/home/joma/entwicklung/nodews/node_modules' does not exist, skipping all lookups in it.
Directory '/home/joma/entwicklung/node_modules' does not exist, skipping all lookups in it.
Directory '/home/joma/node_modules' does not exist, skipping all lookups in it.
Directory '/home/node_modules' does not exist, skipping all lookups in it.
Directory '/node_modules' does not exist, skipping all lookups in it.
'baseUrl' option is set to '/home/joma/entwicklung/nodews/ts-js-include-order-issue', using this value to resolve non-relative module name 'https'.
Resolving module name 'https' relative to base url '/home/joma/entwicklung/nodews/ts-js-include-order-issue' - '/home/joma/entwicklung/nodews/ts-js-include-order-issue/https'.
Loading module as file / folder, candidate module location '/home/joma/entwicklung/nodews/ts-js-include-order-issue/https', target file type 'JavaScript'.
File '/home/joma/entwicklung/nodews/ts-js-include-order-issue/https.js' does not exist.
File '/home/joma/entwicklung/nodews/ts-js-include-order-issue/https.jsx' does not exist.
Directory '/home/joma/entwicklung/nodews/ts-js-include-order-issue/https' does not exist, skipping all lookups in it.
Loading module 'https' from 'node_modules' folder, target file type 'JavaScript'.
Directory '/home/joma/entwicklung/nodews/ts-js-include-order-issue/node_modules/@types/http-proxy/node_modules' does not exist, skipping all lookups in it.
Directory '/home/joma/entwicklung/nodews/ts-js-include-order-issue/node_modules/@types/node_modules' does not exist, skipping all lookups in it.
File '/home/joma/entwicklung/nodews/ts-js-include-order-issue/node_modules/https.js' does not exist.
File '/home/joma/entwicklung/nodews/ts-js-include-order-issue/node_modules/https.jsx' does not exist.
Directory '/home/joma/entwicklung/nodews/node_modules' does not exist, skipping all lookups in it.
Directory '/home/joma/entwicklung/node_modules' does not exist, skipping all lookups in it.
Directory '/home/joma/node_modules' does not exist, skipping all lookups in it.
Directory '/home/node_modules' does not exist, skipping all lookups in it.
Directory '/node_modules' does not exist, skipping all lookups in it.
======== Module name 'https' was not resolved. ========
======== Resolving module 'events' from '/home/joma/entwicklung/nodews/ts-js-include-order-issue/node_modules/@types/http-proxy/index.d.ts'. ========
Explicitly specified module resolution kind: 'NodeJs'.
'baseUrl' option is set to '/home/joma/entwicklung/nodews/ts-js-include-order-issue', using this value to resolve non-relative module name 'events'.
Resolving module name 'events' relative to base url '/home/joma/entwicklung/nodews/ts-js-include-order-issue' - '/home/joma/entwicklung/nodews/ts-js-include-order-issue/events'.
Loading module as file / folder, candidate module location '/home/joma/entwicklung/nodews/ts-js-include-order-issue/events', target file type 'TypeScript'.
File '/home/joma/entwicklung/nodews/ts-js-include-order-issue/events.ts' does not exist.
File '/home/joma/entwicklung/nodews/ts-js-include-order-issue/events.tsx' does not exist.
File '/home/joma/entwicklung/nodews/ts-js-include-order-issue/events.d.ts' does not exist.
Directory '/home/joma/entwicklung/nodews/ts-js-include-order-issue/events' does not exist, skipping all lookups in it.
Loading module 'events' from 'node_modules' folder, target file type 'TypeScript'.
Directory '/home/joma/entwicklung/nodews/ts-js-include-order-issue/node_modules/@types/http-proxy/node_modules' does not exist, skipping all lookups in it.
Resolution for module 'events' was found in cache from location '/home/joma/entwicklung/nodews/ts-js-include-order-issue/node_modules/@types'.
Resolving real path for '/home/joma/entwicklung/nodews/ts-js-include-order-issue/node_modules/@types/events/index.d.ts', result '/home/joma/entwicklung/nodews/ts-js-include-order-issue/node_modules/@types/events/index.d.ts'.
======== Module name 'events' was successfully resolved to '/home/joma/entwicklung/nodews/ts-js-include-order-issue/node_modules/@types/events/index.d.ts'. ========
======== Resolving module 'url' from '/home/joma/entwicklung/nodews/ts-js-include-order-issue/node_modules/@types/http-proxy/index.d.ts'. ========
Explicitly specified module resolution kind: 'NodeJs'.
'baseUrl' option is set to '/home/joma/entwicklung/nodews/ts-js-include-order-issue', using this value to resolve non-relative module name 'url'.
Resolving module name 'url' relative to base url '/home/joma/entwicklung/nodews/ts-js-include-order-issue' - '/home/joma/entwicklung/nodews/ts-js-include-order-issue/url'.
Loading module as file / folder, candidate module location '/home/joma/entwicklung/nodews/ts-js-include-order-issue/url', target file type 'TypeScript'.
File '/home/joma/entwicklung/nodews/ts-js-include-order-issue/url.ts' does not exist.
File '/home/joma/entwicklung/nodews/ts-js-include-order-issue/url.tsx' does not exist.
File '/home/joma/entwicklung/nodews/ts-js-include-order-issue/url.d.ts' does not exist.
Directory '/home/joma/entwicklung/nodews/ts-js-include-order-issue/url' does not exist, skipping all lookups in it.
Loading module 'url' from 'node_modules' folder, target file type 'TypeScript'.
Directory '/home/joma/entwicklung/nodews/ts-js-include-order-issue/node_modules/@types/http-proxy/node_modules' does not exist, skipping all lookups in it.
Directory '/home/joma/entwicklung/nodews/ts-js-include-order-issue/node_modules/@types/node_modules' does not exist, skipping all lookups in it.
'package.json' does not have a 'typings' field.
'package.json' does not have a 'types' field.
'package.json' has 'main' field './url.js' that references '/home/joma/entwicklung/nodews/ts-js-include-order-issue/node_modules/url/url.js'.
Found 'package.json' at '/home/joma/entwicklung/nodews/ts-js-include-order-issue/node_modules/url/package.json'. Package ID is 'url/url.d.ts@0.11.0'.
File '/home/joma/entwicklung/nodews/ts-js-include-order-issue/node_modules/url.ts' does not exist.
File '/home/joma/entwicklung/nodews/ts-js-include-order-issue/node_modules/url.tsx' does not exist.
File '/home/joma/entwicklung/nodews/ts-js-include-order-issue/node_modules/url.d.ts' does not exist.
'package.json' does not have a 'typings' field.
'package.json' does not have a 'types' field.
'package.json' has 'main' field './url.js' that references '/home/joma/entwicklung/nodews/ts-js-include-order-issue/node_modules/url/url.js'.
File '/home/joma/entwicklung/nodews/ts-js-include-order-issue/node_modules/url/url.js' exist - use it as a name resolution result.
File '/home/joma/entwicklung/nodews/ts-js-include-order-issue/node_modules/url/url.js' has an unsupported extension, so skipping it.
Loading module as file / folder, candidate module location '/home/joma/entwicklung/nodews/ts-js-include-order-issue/node_modules/url/url.js', target file type 'TypeScript'.
File '/home/joma/entwicklung/nodews/ts-js-include-order-issue/node_modules/url/url.js.ts' does not exist.
File '/home/joma/entwicklung/nodews/ts-js-include-order-issue/node_modules/url/url.js.tsx' does not exist.
File '/home/joma/entwicklung/nodews/ts-js-include-order-issue/node_modules/url/url.js.d.ts' does not exist.
File name '/home/joma/entwicklung/nodews/ts-js-include-order-issue/node_modules/url/url.js' has a '.js' extension - stripping it.
File '/home/joma/entwicklung/nodews/ts-js-include-order-issue/node_modules/url/url.ts' does not exist.
File '/home/joma/entwicklung/nodews/ts-js-include-order-issue/node_modules/url/url.tsx' does not exist.
File '/home/joma/entwicklung/nodews/ts-js-include-order-issue/node_modules/url/url.d.ts' does not exist.
Directory '/home/joma/entwicklung/nodews/ts-js-include-order-issue/node_modules/url/url.js' does not exist, skipping all lookups in it.
File '/home/joma/entwicklung/nodews/ts-js-include-order-issue/node_modules/url/index.ts' does not exist.
File '/home/joma/entwicklung/nodews/ts-js-include-order-issue/node_modules/url/index.tsx' does not exist.
File '/home/joma/entwicklung/nodews/ts-js-include-order-issue/node_modules/url/index.d.ts' does not exist.
File '/home/joma/entwicklung/nodews/ts-js-include-order-issue/node_modules/@types/url.d.ts' does not exist.
Directory '/home/joma/entwicklung/nodews/node_modules' does not exist, skipping all lookups in it.
Directory '/home/joma/entwicklung/node_modules' does not exist, skipping all lookups in it.
Directory '/home/joma/node_modules' does not exist, skipping all lookups in it.
Directory '/home/node_modules' does not exist, skipping all lookups in it.
Directory '/node_modules' does not exist, skipping all lookups in it.
'baseUrl' option is set to '/home/joma/entwicklung/nodews/ts-js-include-order-issue', using this value to resolve non-relative module name 'url'.
Resolving module name 'url' relative to base url '/home/joma/entwicklung/nodews/ts-js-include-order-issue' - '/home/joma/entwicklung/nodews/ts-js-include-order-issue/url'.
Loading module as file / folder, candidate module location '/home/joma/entwicklung/nodews/ts-js-include-order-issue/url', target file type 'JavaScript'.
File '/home/joma/entwicklung/nodews/ts-js-include-order-issue/url.js' does not exist.
File '/home/joma/entwicklung/nodews/ts-js-include-order-issue/url.jsx' does not exist.
Directory '/home/joma/entwicklung/nodews/ts-js-include-order-issue/url' does not exist, skipping all lookups in it.
Loading module 'url' from 'node_modules' folder, target file type 'JavaScript'.
Directory '/home/joma/entwicklung/nodews/ts-js-include-order-issue/node_modules/@types/http-proxy/node_modules' does not exist, skipping all lookups in it.
Directory '/home/joma/entwicklung/nodews/ts-js-include-order-issue/node_modules/@types/node_modules' does not exist, skipping all lookups in it.
'package.json' does not have a 'typings' field.
'package.json' does not have a 'types' field.
'package.json' has 'main' field './url.js' that references '/home/joma/entwicklung/nodews/ts-js-include-order-issue/node_modules/url/url.js'.
Found 'package.json' at '/home/joma/entwicklung/nodews/ts-js-include-order-issue/node_modules/url/package.json'. Package ID is 'url/url.d.ts@0.11.0'.
File '/home/joma/entwicklung/nodews/ts-js-include-order-issue/node_modules/url.js' does not exist.
File '/home/joma/entwicklung/nodews/ts-js-include-order-issue/node_modules/url.jsx' does not exist.
'package.json' has 'main' field './url.js' that references '/home/joma/entwicklung/nodews/ts-js-include-order-issue/node_modules/url/url.js'.
File '/home/joma/entwicklung/nodews/ts-js-include-order-issue/node_modules/url/url.js' exist - use it as a name resolution result.
Resolving real path for '/home/joma/entwicklung/nodews/ts-js-include-order-issue/node_modules/url/url.js', result '/home/joma/entwicklung/nodews/ts-js-include-order-issue/node_modules/url/url.js'.
======== Module name 'url' was successfully resolved to '/home/joma/entwicklung/nodews/ts-js-include-order-issue/node_modules/url/url.js'. ========
======== Resolving module 'stream' from '/home/joma/entwicklung/nodews/ts-js-include-order-issue/node_modules/@types/http-proxy/index.d.ts'. ========
Explicitly specified module resolution kind: 'NodeJs'.
'baseUrl' option is set to '/home/joma/entwicklung/nodews/ts-js-include-order-issue', using this value to resolve non-relative module name 'stream'.
Resolving module name 'stream' relative to base url '/home/joma/entwicklung/nodews/ts-js-include-order-issue' - '/home/joma/entwicklung/nodews/ts-js-include-order-issue/stream'.
Loading module as file / folder, candidate module location '/home/joma/entwicklung/nodews/ts-js-include-order-issue/stream', target file type 'TypeScript'.
File '/home/joma/entwicklung/nodews/ts-js-include-order-issue/stream.ts' does not exist.
File '/home/joma/entwicklung/nodews/ts-js-include-order-issue/stream.tsx' does not exist.
File '/home/joma/entwicklung/nodews/ts-js-include-order-issue/stream.d.ts' does not exist.
Directory '/home/joma/entwicklung/nodews/ts-js-include-order-issue/stream' does not exist, skipping all lookups in it.
Loading module 'stream' from 'node_modules' folder, target file type 'TypeScript'.
Directory '/home/joma/entwicklung/nodews/ts-js-include-order-issue/node_modules/@types/http-proxy/node_modules' does not exist, skipping all lookups in it.
Directory '/home/joma/entwicklung/nodews/ts-js-include-order-issue/node_modules/@types/node_modules' does not exist, skipping all lookups in it.
File '/home/joma/entwicklung/nodews/ts-js-include-order-issue/node_modules/stream.ts' does not exist.
File '/home/joma/entwicklung/nodews/ts-js-include-order-issue/node_modules/stream.tsx' does not exist.
File '/home/joma/entwicklung/nodews/ts-js-include-order-issue/node_modules/stream.d.ts' does not exist.
File '/home/joma/entwicklung/nodews/ts-js-include-order-issue/node_modules/@types/stream.d.ts' does not exist.
Directory '/home/joma/entwicklung/nodews/node_modules' does not exist, skipping all lookups in it.
Directory '/home/joma/entwicklung/node_modules' does not exist, skipping all lookups in it.
Directory '/home/joma/node_modules' does not exist, skipping all lookups in it.
Directory '/home/node_modules' does not exist, skipping all lookups in it.
Directory '/node_modules' does not exist, skipping all lookups in it.
'baseUrl' option is set to '/home/joma/entwicklung/nodews/ts-js-include-order-issue', using this value to resolve non-relative module name 'stream'.
Resolving module name 'stream' relative to base url '/home/joma/entwicklung/nodews/ts-js-include-order-issue' - '/home/joma/entwicklung/nodews/ts-js-include-order-issue/stream'.
Loading module as file / folder, candidate module location '/home/joma/entwicklung/nodews/ts-js-include-order-issue/stream', target file type 'JavaScript'.
File '/home/joma/entwicklung/nodews/ts-js-include-order-issue/stream.js' does not exist.
File '/home/joma/entwicklung/nodews/ts-js-include-order-issue/stream.jsx' does not exist.
Directory '/home/joma/entwicklung/nodews/ts-js-include-order-issue/stream' does not exist, skipping all lookups in it.
Loading module 'stream' from 'node_modules' folder, target file type 'JavaScript'.
Directory '/home/joma/entwicklung/nodews/ts-js-include-order-issue/node_modules/@types/http-proxy/node_modules' does not exist, skipping all lookups in it.
Directory '/home/joma/entwicklung/nodews/ts-js-include-order-issue/node_modules/@types/node_modules' does not exist, skipping all lookups in it.
File '/home/joma/entwicklung/nodews/ts-js-include-order-issue/node_modules/stream.js' does not exist.
File '/home/joma/entwicklung/nodews/ts-js-include-order-issue/node_modules/stream.jsx' does not exist.
Directory '/home/joma/entwicklung/nodews/node_modules' does not exist, skipping all lookups in it.
Directory '/home/joma/entwicklung/node_modules' does not exist, skipping all lookups in it.
Directory '/home/joma/node_modules' does not exist, skipping all lookups in it.
Directory '/home/node_modules' does not exist, skipping all lookups in it.
Directory '/node_modules' does not exist, skipping all lookups in it.
======== Module name 'stream' was not resolved. ========
======== Resolving module 'csstype' from '/home/joma/entwicklung/nodews/ts-js-include-order-issue/node_modules/@types/react/index.d.ts'. ========
Resolution for module 'csstype' was found in cache from location '/home/joma/entwicklung/nodews/ts-js-include-order-issue/node_modules/@types/react'.
======== Module name 'csstype' was successfully resolved to '/home/joma/entwicklung/nodews/ts-js-include-order-issue/node_modules/csstype/index.d.ts'. ========
======== Resolving module 'react' from '/home/joma/entwicklung/nodews/ts-js-include-order-issue/node_modules/@types/storybook__addon-links/index.d.ts'. ========
Resolution for module 'react' was found in cache from location '/home/joma/entwicklung/nodews/ts-js-include-order-issue/node_modules/@types/storybook__addon-links'.
======== Module name 'react' was successfully resolved to '/home/joma/entwicklung/nodews/ts-js-include-order-issue/node_modules/@types/react/index.d.ts'. ========
