/home/joma/entwicklung/nodews/ts-js-include-order-issue/node_modules/typescript/lib/lib.dom.d.ts
/home/joma/entwicklung/nodews/ts-js-include-order-issue/node_modules/typescript/lib/lib.es2016.d.ts
/home/joma/entwicklung/nodews/ts-js-include-order-issue/node_modules/typescript/lib/lib.es2016.array.include.d.ts
/home/joma/entwicklung/nodews/ts-js-include-order-issue/node_modules/typescript/lib/lib.es2015.d.ts
/home/joma/entwicklung/nodews/ts-js-include-order-issue/node_modules/typescript/lib/lib.es5.d.ts
/home/joma/entwicklung/nodews/ts-js-include-order-issue/node_modules/typescript/lib/lib.es2015.symbol.wellknown.d.ts
/home/joma/entwicklung/nodews/ts-js-include-order-issue/node_modules/typescript/lib/lib.es2015.reflect.d.ts
/home/joma/entwicklung/nodews/ts-js-include-order-issue/node_modules/typescript/lib/lib.es2015.proxy.d.ts
/home/joma/entwicklung/nodews/ts-js-include-order-issue/node_modules/typescript/lib/lib.es2015.iterable.d.ts
/home/joma/entwicklung/nodews/ts-js-include-order-issue/node_modules/typescript/lib/lib.es2015.symbol.d.ts
/home/joma/entwicklung/nodews/ts-js-include-order-issue/node_modules/typescript/lib/lib.es2015.promise.d.ts
/home/joma/entwicklung/nodews/ts-js-include-order-issue/node_modules/typescript/lib/lib.es2015.generator.d.ts
/home/joma/entwicklung/nodews/ts-js-include-order-issue/node_modules/typescript/lib/lib.es2015.collection.d.ts
/home/joma/entwicklung/nodews/ts-js-include-order-issue/node_modules/typescript/lib/lib.es2015.core.d.ts
/home/joma/entwicklung/nodews/ts-js-include-order-issue/node_modules/vue/types/vnode.d.ts
/home/joma/entwicklung/nodews/ts-js-include-order-issue/node_modules/vue/types/options.d.ts
/home/joma/entwicklung/nodews/ts-js-include-order-issue/node_modules/vue/types/plugin.d.ts
/home/joma/entwicklung/nodews/ts-js-include-order-issue/node_modules/vue/types/vue.d.ts
/home/joma/entwicklung/nodews/ts-js-include-order-issue/node_modules/vue/types/index.d.ts
/home/joma/entwicklung/nodews/ts-js-include-order-issue/types/vue-ext-shim.d.ts
/home/joma/entwicklung/nodews/ts-js-include-order-issue/types/vue-jsx-shim.d.ts
/home/joma/entwicklung/nodews/ts-js-include-order-issue/node_modules/@types/react/global.d.ts
/home/joma/entwicklung/nodews/ts-js-include-order-issue/node_modules/csstype/index.d.ts
/home/joma/entwicklung/nodews/ts-js-include-order-issue/node_modules/@types/react/index.d.ts
/home/joma/entwicklung/nodews/ts-js-include-order-issue/node_modules/@types/storybook__addon-links/index.d.ts
/home/joma/entwicklung/nodews/ts-js-include-order-issue/src/index.js
/home/joma/entwicklung/nodews/ts-js-include-order-issue/node_modules/@types/events/index.d.ts
/home/joma/entwicklung/nodews/ts-js-include-order-issue/node_modules/@types/node/inspector.d.ts
/home/joma/entwicklung/nodews/ts-js-include-order-issue/node_modules/@types/node/index.d.ts
/home/joma/entwicklung/nodews/ts-js-include-order-issue/node_modules/@types/http-proxy/index.d.ts
